2020-09-07 11:10:41.892  INFO 15904 --- [main] com.cl.FomApplication                    : Starting FomApplication on FIN-5900 with PID 15904 (E:\anji\cl\cl\fom\target\classes started by chenlong in E:\anji\cl\cl\fom)
2020-09-07 11:10:41.915  INFO 15904 --- [main] com.cl.FomApplication                    : No active profile set, falling back to default profiles: default
2020-09-07 11:10:46.456  INFO 15904 --- [main] o.s.b.w.embedded.tomcat.TomcatWebServer  : Tomcat initialized with port(s): 8080 (http)
2020-09-07 11:10:46.493  INFO 15904 --- [main] o.apache.catalina.core.StandardService   : Starting service [Tomcat]
2020-09-07 11:10:46.494  INFO 15904 --- [main] org.apache.catalina.core.StandardEngine  : Starting Servlet engine: [Apache Tomcat/9.0.21]
2020-09-07 11:10:46.651  INFO 15904 --- [main] o.a.c.c.C.[Tomcat].[localhost].[/fom]    : Initializing Spring embedded WebApplicationContext
2020-09-07 11:10:46.651  INFO 15904 --- [main] o.s.web.context.ContextLoader            : Root WebApplicationContext: initialization completed in 4556 ms
2020-09-07 11:10:47.954  INFO 15904 --- [main] com.alibaba.druid.pool.DruidDataSource   : {dataSource-1} inited
2020-09-07 11:10:49.288  INFO 15904 --- [main] o.s.s.concurrent.ThreadPoolTaskExecutor  : Initializing ExecutorService 'applicationTaskExecutor'
2020-09-07 11:10:49.781  INFO 15904 --- [main] org.quartz.impl.StdSchedulerFactory      : Using default implementation for ThreadExecutor
2020-09-07 11:10:49.803  INFO 15904 --- [main] org.quartz.core.SchedulerSignalerImpl    : Initialized Scheduler Signaller of type: class org.quartz.core.SchedulerSignalerImpl
2020-09-07 11:10:49.803  INFO 15904 --- [main] org.quartz.core.QuartzScheduler          : Quartz Scheduler v.2.3.1 created.
2020-09-07 11:10:49.804  INFO 15904 --- [main] org.quartz.simpl.RAMJobStore             : RAMJobStore initialized.
2020-09-07 11:10:49.805  INFO 15904 --- [main] org.quartz.core.QuartzScheduler          : Scheduler meta-data: Quartz Scheduler (v2.3.1) 'quartzScheduler' with instanceId 'NON_CLUSTERED'
  Scheduler class: 'org.quartz.core.QuartzScheduler' - running locally.
  NOT STARTED.
  Currently in standby mode.
  Number of jobs executed: 0
  Using thread pool 'org.quartz.simpl.SimpleThreadPool' - with 10 threads.
  Using job-store 'org.quartz.simpl.RAMJobStore' - which does not support persistence. and is not clustered.

2020-09-07 11:10:49.805  INFO 15904 --- [main] org.quartz.impl.StdSchedulerFactory      : Quartz scheduler 'quartzScheduler' initialized from an externally provided properties instance.
2020-09-07 11:10:49.805  INFO 15904 --- [main] org.quartz.impl.StdSchedulerFactory      : Quartz scheduler version: 2.3.1
2020-09-07 11:10:49.806  INFO 15904 --- [main] org.quartz.core.QuartzScheduler          : JobFactory set to: org.springframework.scheduling.quartz.SpringBeanJobFactory@2bdab835
2020-09-07 11:10:49.816  INFO 15904 --- [main] o.s.s.c.ThreadPoolTaskScheduler          : Initializing ExecutorService 'taskScheduler'
2020-09-07 11:10:49.874  INFO 15904 --- [main] o.s.s.quartz.SchedulerFactoryBean        : Starting Quartz Scheduler now
2020-09-07 11:10:49.874  INFO 15904 --- [main] org.quartz.core.QuartzScheduler          : Scheduler quartzScheduler_$_NON_CLUSTERED started.
2020-09-07 11:10:49.932  INFO 15904 --- [main] o.s.b.w.embedded.tomcat.TomcatWebServer  : Tomcat started on port(s): 8080 (http) with context path '/fom'
2020-09-07 11:10:49.937  INFO 15904 --- [main] com.cl.FomApplication                    : Started FomApplication in 9.558 seconds (JVM running for 12.762)
2020-09-07 11:12:51.117  INFO 15904 --- [Thread-21] org.quartz.core.QuartzScheduler          : Scheduler quartzScheduler_$_NON_CLUSTERED paused.
2020-09-07 11:12:51.118  INFO 15904 --- [Thread-21] o.s.s.c.ThreadPoolTaskScheduler          : Shutting down ExecutorService 'taskScheduler'
2020-09-07 11:12:51.118  INFO 15904 --- [Thread-21] o.s.s.quartz.SchedulerFactoryBean        : Shutting down Quartz Scheduler
2020-09-07 11:12:51.119  INFO 15904 --- [Thread-21] org.quartz.core.QuartzScheduler          : Scheduler quartzScheduler_$_NON_CLUSTERED shutting down.
2020-09-07 11:12:51.119  INFO 15904 --- [Thread-21] org.quartz.core.QuartzScheduler          : Scheduler quartzScheduler_$_NON_CLUSTERED paused.
2020-09-07 11:12:51.120  INFO 15904 --- [Thread-21] org.quartz.core.QuartzScheduler          : Scheduler quartzScheduler_$_NON_CLUSTERED shutdown complete.
2020-09-07 11:12:51.121  INFO 15904 --- [Thread-21] o.s.s.concurrent.ThreadPoolTaskExecutor  : Shutting down ExecutorService 'applicationTaskExecutor'
2020-09-07 11:12:51.136  INFO 15904 --- [Thread-21] com.alibaba.druid.pool.DruidDataSource   : {dataSource-1} closed
